c:\users\dylan\downloads\sourcecode\t6m source\t6m\debug\vc120.pdb
c:\users\dylan\downloads\sourcecode\t6m source\t6m\debug\vc120.idb
c:\users\dylan\downloads\sourcecode\t6m source\t6m\debug\addresses.obj
c:\users\dylan\downloads\sourcecode\t6m source\t6m\debug\patcht6mp.obj
c:\users\dylan\downloads\sourcecode\t6m source\t6m\debug\ingameconsole.obj
c:\users\dylan\downloads\sourcecode\t6m source\t6m\debug\zone.obj
c:\users\dylan\downloads\sourcecode\program files\delta game\cod black ops 2\steam_api.ilk
c:\users\dylan\downloads\sourcecode\program files\delta game\cod black ops 2\steam_api.dll
c:\users\dylan\downloads\sourcecode\program files\delta game\cod black ops 2\steam_api.pdb
c:\users\dylan\downloads\sourcecode\program files\delta game\cod black ops 2\steam_api.lib
c:\users\dylan\downloads\sourcecode\program files\delta game\cod black ops 2\steam_api.exp
c:\users\dylan\downloads\sourcecode\t6m source\t6m\debug\..\..\..\program files\delta game\cod black ops 2\steam_api.pdb
c:\users\dylan\downloads\sourcecode\t6m source\t6m\steamapibase\..\..\..\program files\delta game\cod black ops 2\steam_api.dll
c:\users\dylan\downloads\sourcecode\t6m source\t6m\debug\..\..\..\program files\delta game\cod black ops 2\steam_api.ilk
c:\users\dylan\downloads\sourcecode\t6m source\t6m\debug\t6m.tlog\cl.command.1.tlog
c:\users\dylan\downloads\sourcecode\t6m source\t6m\debug\t6m.tlog\cl.read.1.tlog
c:\users\dylan\downloads\sourcecode\t6m source\t6m\debug\t6m.tlog\cl.write.1.tlog
c:\users\dylan\downloads\sourcecode\t6m source\t6m\debug\t6m.tlog\link.command.1.tlog
c:\users\dylan\downloads\sourcecode\t6m source\t6m\debug\t6m.tlog\link.read.1.tlog
c:\users\dylan\downloads\sourcecode\t6m source\t6m\debug\t6m.tlog\link.write.1.tlog
c:\users\dylan\downloads\sourcecode\t6m source\t6m\debug\t6m.tlog\t6m.write.1u.tlog
