C:\Program Files (x86)\MSBuild\Microsoft.Cpp\v4.0\V110\Microsoft.CppBuild.targets(346,5): warning MSB8004: Output Directory does not end with a trailing slash.  This build instance will add the slash as it is required to allow proper evaluation of the Output Directory.
  libnp.vcxproj -> C:\Users\dylan\Downloads\SourceCode\libnp.dll
          1 file(s) copied.
  'else' is not recognized as an internal or external command,
  operable program or batch file.
  The system cannot find the path specified.
          0 file(s) copied.
  The system cannot find the path specified.
          0 file(s) copied.
  The system cannot find the path specified.
          0 file(s) copied.
  The system cannot find the path specified.
  The system cannot find the path specified.
C:\Program Files (x86)\MSBuild\Microsoft.Cpp\v4.0\V110\Microsoft.CppCommon.targets(134,5): error MSB3073: The command "copy /y "C:\Users\dylan\Downloads\SourceCode\libnp.dll" "C:\Users\dylan\Downloads\SourceCode\PlusOPSII.SourceCode_[unknowncheats.me]_\\release\libnp.dll"
C:\Program Files (x86)\MSBuild\Microsoft.Cpp\v4.0\V110\Microsoft.CppCommon.targets(134,5): error MSB3073: if "DYLAN" == "FALLARBOR" (
C:\Program Files (x86)\MSBuild\Microsoft.Cpp\v4.0\V110\Microsoft.CppCommon.targets(134,5): error MSB3073: copy /y "C:\Users\dylan\Downloads\SourceCode\libnp.dll" "S:\Games\Steam\steamapps\common\zero gear\Server\libnp.dll"
C:\Program Files (x86)\MSBuild\Microsoft.Cpp\v4.0\V110\Microsoft.CppCommon.targets(134,5): error MSB3073: copy /y "C:\Users\dylan\Downloads\SourceCode\libnp.dll" "T:\Games\call of duty black ops\libnp.dll"
C:\Program Files (x86)\MSBuild\Microsoft.Cpp\v4.0\V110\Microsoft.CppCommon.targets(134,5): error MSB3073: copy /y "C:\Users\dylan\Downloads\SourceCode\libnp.dll" "R:\Games\MW3\libnp.dll"
C:\Program Files (x86)\MSBuild\Microsoft.Cpp\v4.0\V110\Microsoft.CppCommon.targets(134,5): error MSB3073: copy /y "C:\Users\dylan\Downloads\SourceCode\libnp.dll" "X:\iw4m\clientdll\dependencies\runtime\libnp.dll"
C:\Program Files (x86)\MSBuild\Microsoft.Cpp\v4.0\V110\Microsoft.CppCommon.targets(134,5): error MSB3073: copy /y "C:\Users\dylan\Downloads\SourceCode\PlusOPSII.SourceCode_[unknowncheats.me]_\\..\..\include\*.h" "X:\iw4m\clientdll\dependencies\include\np"
C:\Program Files (x86)\MSBuild\Microsoft.Cpp\v4.0\V110\Microsoft.CppCommon.targets(134,5): error MSB3073: copy /y "C:\Users\dylan\Downloads\SourceCode\PlusOPSII.SourceCode_[unknowncheats.me]_\\Normal\libnp.lib" "X:\iw4m\clientdll\dependencies\lib"
C:\Program Files (x86)\MSBuild\Microsoft.Cpp\v4.0\V110\Microsoft.CppCommon.targets(134,5): error MSB3073: copy /y "C:\Users\dylan\Downloads\SourceCode\PlusOPSII.SourceCode_[unknowncheats.me]_\\..\..\include\*.h" "X:\iw4m-branch\clientdll\dependencies\include\np"
C:\Program Files (x86)\MSBuild\Microsoft.Cpp\v4.0\V110\Microsoft.CppCommon.targets(134,5): error MSB3073: copy /y "C:\Users\dylan\Downloads\SourceCode\PlusOPSII.SourceCode_[unknowncheats.me]_\\Normal\libnp.lib" "X:\iw4m-branch\clientdll\dependencies\lib"
C:\Program Files (x86)\MSBuild\Microsoft.Cpp\v4.0\V110\Microsoft.CppCommon.targets(134,5): error MSB3073: )
C:\Program Files (x86)\MSBuild\Microsoft.Cpp\v4.0\V110\Microsoft.CppCommon.targets(134,5): error MSB3073: else
C:\Program Files (x86)\MSBuild\Microsoft.Cpp\v4.0\V110\Microsoft.CppCommon.targets(134,5): error MSB3073: (
C:\Program Files (x86)\MSBuild\Microsoft.Cpp\v4.0\V110\Microsoft.CppCommon.targets(134,5): error MSB3073: copy /y "C:\Users\dylan\Downloads\SourceCode\libnp.dll" "C:\Users\Sushi\Desktop\dedi\libnp.dll"
C:\Program Files (x86)\MSBuild\Microsoft.Cpp\v4.0\V110\Microsoft.CppCommon.targets(134,5): error MSB3073: copy /y "C:\Users\dylan\Downloads\SourceCode\libnp.dll" "C:\Users\Sushi\Desktop\aIW Client\libnp.dll"
C:\Program Files (x86)\MSBuild\Microsoft.Cpp\v4.0\V110\Microsoft.CppCommon.targets(134,5): error MSB3073: copy /y "C:\Users\dylan\Downloads\SourceCode\libnp.dll" "C:\Users\Sushi\Desktop\fourDeltaOne\iw4m\clientdll\dependencies\runtime\libnp.dll"
C:\Program Files (x86)\MSBuild\Microsoft.Cpp\v4.0\V110\Microsoft.CppCommon.targets(134,5): error MSB3073: copy /y "C:\Users\dylan\Downloads\SourceCode\PlusOPSII.SourceCode_[unknowncheats.me]_\\..\..\include\*.h" "C:\Users\Sushi\Desktop\fourDeltaOne\iw4m\clientdll\dependencies\include\np"
C:\Program Files (x86)\MSBuild\Microsoft.Cpp\v4.0\V110\Microsoft.CppCommon.targets(134,5): error MSB3073: copy /y "C:\Users\dylan\Downloads\SourceCode\PlusOPSII.SourceCode_[unknowncheats.me]_\\Normal\libnp.lib" "C:\Users\Sushi\Desktop\fourDeltaOne\iw4m\clientdll\dependencies\lib"
C:\Program Files (x86)\MSBuild\Microsoft.Cpp\v4.0\V110\Microsoft.CppCommon.targets(134,5): error MSB3073: )
C:\Program Files (x86)\MSBuild\Microsoft.Cpp\v4.0\V110\Microsoft.CppCommon.targets(134,5): error MSB3073: 
C:\Program Files (x86)\MSBuild\Microsoft.Cpp\v4.0\V110\Microsoft.CppCommon.targets(134,5): error MSB3073: :VCEnd" exited with code 1.
